0 info it worked if it ends with ok
1 verbose cli [ 'd:\\nodejs\\node.exe',
1 verbose cli   'd:\\nodejs\\node_modules\\npm\\bin\\npm-cli.js',
1 verbose cli   'start' ]
2 info using npm@3.6.0
3 info using node@v5.6.0
4 verbose run-script [ 'prestart', 'start', 'poststart' ]
5 info lifecycle redux-todomvc-example@0.0.0~prestart: redux-todomvc-example@0.0.0
6 silly lifecycle redux-todomvc-example@0.0.0~prestart: no script for prestart, continuing
7 info lifecycle redux-todomvc-example@0.0.0~start: redux-todomvc-example@0.0.0
8 verbose lifecycle redux-todomvc-example@0.0.0~start: unsafe-perm in lifecycle true
9 verbose lifecycle redux-todomvc-example@0.0.0~start: PATH: d:\nodejs\node_modules\npm\bin\node-gyp-bin;E:\github\omqq\node_modules\.bin;c:\Users\yuntian\bin;.;D:\Git\local\bin;D:\Git\mingw\bin;D:\Git\bin;c:\Program Files (x86)\NVIDIA Corporation\PhysX\Common;c:\Program Files (x86)\Intel\iCLS Client\;c:\Program Files\Intel\iCLS Client\;c:\windows\system32;c:\windows;c:\windows\System32\Wbem;c:\windows\System32\WindowsPowerShell\v1.0\;c:\Program Files\Intel\Intel(R) Management Engine Components\DAL;c:\Program Files\Intel\Intel(R) Management Engine Components\IPT;c:\Program Files (x86)\Intel\Intel(R) Management Engine Components\DAL;c:\Program Files (x86)\Intel\Intel(R) Management Engine Components\IPT;d:\svn\bin;c:\Python27\;c:\Program Files\Microsoft SQL Server\120\Tools\Binn\;c:\Program Files (x86)\Windows Kits\8.1\Windows Performance Toolkit\;c:\Program Files\Microsoft SQL Server\110\Tools\Binn\;c:\Program Files (x86)\Microsoft SDKs\TypeScript\1.0\;f:\php;f:\php\ext;d:\nodejs\;c:\Users\yuntian\AppData\Local\atom\bin;c:\Users\yuntian\AppData\Roaming\npm
10 verbose lifecycle redux-todomvc-example@0.0.0~start: CWD: E:\github\omqq
11 silly lifecycle redux-todomvc-example@0.0.0~start: Args: [ '/d /s /c', 'node server.js' ]
12 silly lifecycle redux-todomvc-example@0.0.0~start: Returned: code: 1  signal: null
13 info lifecycle redux-todomvc-example@0.0.0~start: Failed to exec start script
14 verbose stack Error: redux-todomvc-example@0.0.0 start: `node server.js`
14 verbose stack Exit status 1
14 verbose stack     at EventEmitter.<anonymous> (d:\nodejs\node_modules\npm\lib\utils\lifecycle.js:232:16)
14 verbose stack     at emitTwo (events.js:100:13)
14 verbose stack     at EventEmitter.emit (events.js:185:7)
14 verbose stack     at ChildProcess.<anonymous> (d:\nodejs\node_modules\npm\lib\utils\spawn.js:24:14)
14 verbose stack     at emitTwo (events.js:100:13)
14 verbose stack     at ChildProcess.emit (events.js:185:7)
14 verbose stack     at maybeClose (internal/child_process.js:827:16)
14 verbose stack     at Process.ChildProcess._handle.onexit (internal/child_process.js:211:5)
15 verbose pkgid redux-todomvc-example@0.0.0
16 verbose cwd E:\github\omqq
17 error Windows_NT 6.1.7601
18 error argv "d:\\nodejs\\node.exe" "d:\\nodejs\\node_modules\\npm\\bin\\npm-cli.js" "start"
19 error node v5.6.0
20 error npm  v3.6.0
21 error code ELIFECYCLE
22 error redux-todomvc-example@0.0.0 start: `node server.js`
22 error Exit status 1
23 error Failed at the redux-todomvc-example@0.0.0 start script 'node server.js'.
23 error Make sure you have the latest version of node.js and npm installed.
23 error If you do, this is most likely a problem with the redux-todomvc-example package,
23 error not with npm itself.
23 error Tell the author that this fails on your system:
23 error     node server.js
23 error You can get information on how to open an issue for this project with:
23 error     npm bugs redux-todomvc-example
23 error Or if that isn't available, you can get their info via:
23 error     npm owner ls redux-todomvc-example
23 error There is likely additional logging output above.
24 verbose exit [ 1, true ]
